TestTaskOne/Library/Bee/Android/Prj/Mono2x/Gradle/unityLibrary/build/intermediates/manifest_merge_blame_file/release/manifest-merger-blame-release-report.txt
1<?xml version="1.0" encoding="utf-8"?>
2<manifest xmlns:android="http://schemas.android.com/apk/res/android"
3    xmlns:tools="http://schemas.android.com/tools"
4    package="com.unity3d.player" >
5
6    <uses-sdk
7        android:minSdkVersion="22"
7-->src\main\AndroidManifest.xml
8        android:targetSdkVersion="33" />
8-->src\main\AndroidManifest.xml
9
10    <uses-permission android:name="android.permission.INTERNET" />
10-->src\main\AndroidManifest.xml:3:3-65
10-->src\main\AndroidManifest.xml:3:20-62
11
12    <uses-feature android:glEsVersion="0x00030000" />
12-->src\main\AndroidManifest.xml:4:3-52
12-->src\main\AndroidManifest.xml:4:17-49
13    <uses-feature
13-->src\main\AndroidManifest.xml:5:3-91
14        android:name="android.hardware.vulkan.version"
14-->src\main\AndroidManifest.xml:5:17-63
15        android:required="false" />
15-->src\main\AndroidManifest.xml:5:64-88
16    <uses-feature
16-->src\main\AndroidManifest.xml:6:3-88
17        android:name="android.hardware.touchscreen"
17-->src\main\AndroidManifest.xml:6:17-60
18        android:required="false" />
18-->src\main\AndroidManifest.xml:6:61-85
19    <uses-feature
19-->src\main\AndroidManifest.xml:7:3-99
20        android:name="android.hardware.touchscreen.multitouch"
20-->src\main\AndroidManifest.xml:7:17-71
21        android:required="false" />
21-->src\main\AndroidManifest.xml:7:72-96
22    <uses-feature
22-->src\main\AndroidManifest.xml:8:3-108
23        android:name="android.hardware.touchscreen.multitouch.distinct"
23-->src\main\AndroidManifest.xml:8:17-80
24        android:required="false" />
24-->src\main\AndroidManifest.xml:8:81-105
25
26    <uses-permission android:name="android.permission.POST_NOTIFICATIONS" />
26-->src\main\AndroidManifest.xml:32:3-75
26-->src\main\AndroidManifest.xml:32:20-72
27
28    <application android:extractNativeLibs="true" >
28-->src\main\AndroidManifest.xml:9:3-31:17
28-->src\main\AndroidManifest.xml:9:16-48
29        <meta-data
29-->src\main\AndroidManifest.xml:10:5-69
30            android:name="unity.splash-mode"
30-->src\main\AndroidManifest.xml:10:16-48
31            android:value="0" />
31-->src\main\AndroidManifest.xml:10:49-66
32        <meta-data
32-->src\main\AndroidManifest.xml:11:5-74
33            android:name="unity.splash-enable"
33-->src\main\AndroidManifest.xml:11:16-50
34            android:value="True" />
34-->src\main\AndroidManifest.xml:11:51-71
35        <meta-data
35-->src\main\AndroidManifest.xml:12:5-78
36            android:name="unity.launch-fullscreen"
36-->src\main\AndroidManifest.xml:12:16-54
37            android:value="True" />
37-->src\main\AndroidManifest.xml:12:55-75
38        <meta-data
38-->src\main\AndroidManifest.xml:13:5-84
39            android:name="unity.allow-resizable-window"
39-->src\main\AndroidManifest.xml:13:16-59
40            android:value="False" />
40-->src\main\AndroidManifest.xml:13:60-81
41        <meta-data
41-->src\main\AndroidManifest.xml:14:5-81
42            android:name="notch.config"
42-->src\main\AndroidManifest.xml:14:16-43
43            android:value="portrait|landscape" />
43-->src\main\AndroidManifest.xml:14:44-78
44        <meta-data
44-->src\main\AndroidManifest.xml:15:5-84
45            android:name="unity.auto-report-fully-drawn"
45-->src\main\AndroidManifest.xml:15:16-60
46            android:value="true" />
46-->src\main\AndroidManifest.xml:15:61-81
47
48        <activity
48-->src\main\AndroidManifest.xml:16:5-23:16
49            android:name="com.unity3d.player.UnityPlayerActivity"
49-->src\main\AndroidManifest.xml:16:15-68
50            android:configChanges="mcc|mnc|locale|touchscreen|keyboard|keyboardHidden|navigation|orientation|screenLayout|uiMode|screenSize|smallestScreenSize|fontScale|layoutDirection|density"
50-->src\main\AndroidManifest.xml:16:180-361
51            android:exported="true"
51-->src\main\AndroidManifest.xml:16:433-456
52            android:hardwareAccelerated="false"
52-->src\main\AndroidManifest.xml:16:397-432
53            android:launchMode="singleTask"
53-->src\main\AndroidManifest.xml:16:148-179
54            android:resizeableActivity="false"
54-->src\main\AndroidManifest.xml:16:362-396
55            android:screenOrientation="fullUser"
55-->src\main\AndroidManifest.xml:16:111-147
56            android:theme="@style/UnityThemeSelector" >
56-->src\main\AndroidManifest.xml:16:69-110
57            <intent-filter>
57-->src\main\AndroidManifest.xml:17:7-20:23
58                <category android:name="android.intent.category.LAUNCHER" />
58-->src\main\AndroidManifest.xml:18:9-69
58-->src\main\AndroidManifest.xml:18:19-66
59
60                <action android:name="android.intent.action.MAIN" />
60-->src\main\AndroidManifest.xml:19:9-61
60-->src\main\AndroidManifest.xml:19:17-58
61            </intent-filter>
62
63            <meta-data
63-->src\main\AndroidManifest.xml:21:7-82
64                android:name="unityplayer.UnityActivity"
64-->src\main\AndroidManifest.xml:21:18-58
65                android:value="true" />
65-->src\main\AndroidManifest.xml:21:59-79
66            <meta-data
66-->src\main\AndroidManifest.xml:22:7-70
67                android:name="notch_support"
67-->src\main\AndroidManifest.xml:22:18-46
68                android:value="true" />
68-->src\main\AndroidManifest.xml:22:47-67
69        </activity>
70
71        <receiver
71-->src\main\AndroidManifest.xml:24:5-113
72            android:name="com.unity.androidnotifications.UnityNotificationManager"
72-->src\main\AndroidManifest.xml:24:15-85
73            android:exported="false" />
73-->src\main\AndroidManifest.xml:24:86-110
74        <receiver
74-->src\main\AndroidManifest.xml:25:5-29:16
75            android:name="com.unity.androidnotifications.UnityNotificationRestartOnBootReceiver"
75-->src\main\AndroidManifest.xml:25:15-99
76            android:enabled="false"
76-->src\main\AndroidManifest.xml:25:100-123
77            android:exported="false" >
77-->src\main\AndroidManifest.xml:25:124-148
78            <intent-filter>
78-->src\main\AndroidManifest.xml:26:7-28:23
79                <action android:name="android.intent.action.BOOT_COMPLETED" />
79-->src\main\AndroidManifest.xml:27:9-71
79-->src\main\AndroidManifest.xml:27:17-68
80            </intent-filter>
81        </receiver>
82
83        <meta-data
83-->src\main\AndroidManifest.xml:30:5-99
84            android:name="com.unity.androidnotifications.exact_scheduling"
84-->src\main\AndroidManifest.xml:30:16-78
85            android:value="0" />
85-->src\main\AndroidManifest.xml:30:79-96
86    </application>
87
88</manifest>